[2026-05-18 09:38:28] Loaded data: (94562, 32057)
[2026-05-18 09:38:28] Gene-peak assignments: (19380, 2)
[2026-05-18 09:38:30] After filtering, 19380 genes remain for SEACells fitting
[2026-05-18 09:38:30] Copied counts to .raw for SEACells fitting
Welcome to SEACells!
Computing kNN graph using scanpy NN ...
Computing radius for adaptive bandwidth kernel...
  0%|          | 0/94562 [00:00<?, ?it/s]
Making graph symmetric...
Parameter graph_construction = union being used to build KNN graph...
Computing RBF kernel...
  0%|          | 0/94562 [00:00<?, ?it/s]
Building similarity LIL matrix...
  0%|          | 0/94562 [00:00<?, ?it/s]
Constructing CSR matrix...
[2026-05-18 09:46:16] Kernel matrix shape: (94562, 94562)
[2026-05-18 09:46:16] Saved kernel matrix for later use.
Building kernel on X_pca
Computing diffusion components from X_pca for waypoint initialization ... 
Determing nearest neighbor graph...
Done.
Sampling waypoints ...
Done.
Selecting 1228 cells from waypoint initialization.
Initializing residual matrix using greedy column selection
Initializing f and g...

  0%|          | 0/42 [00:00<?, ?it/s]
  5%|▍         | 2/42 [00:00<00:03, 12.35it/s]
 10%|▉         | 4/42 [00:00<00:03, 12.36it/s]
 14%|█▍        | 6/42 [00:00<00:02, 12.16it/s]
 19%|█▉        | 8/42 [00:00<00:02, 12.16it/s]
 24%|██▍       | 10/42 [00:00<00:02, 12.10it/s]
 29%|██▊       | 12/42 [00:00<00:02, 12.25it/s]
 33%|███▎      | 14/42 [00:01<00:02, 12.28it/s]
 38%|███▊      | 16/42 [00:01<00:02, 12.42it/s]
 43%|████▎     | 18/42 [00:01<00:01, 12.52it/s]
 48%|████▊     | 20/42 [00:01<00:01, 12.33it/s]
 52%|█████▏    | 22/42 [00:01<00:01, 12.38it/s]
 57%|█████▋    | 24/42 [00:01<00:01, 12.30it/s]
 62%|██████▏   | 26/42 [00:02<00:01, 12.44it/s]
 67%|██████▋   | 28/42 [00:02<00:01, 12.61it/s]
 71%|███████▏  | 30/42 [00:02<00:00, 12.51it/s]
 76%|███████▌  | 32/42 [00:02<00:00, 12.40it/s]
 81%|████████  | 34/42 [00:02<00:00, 12.32it/s]
 86%|████████▌ | 36/42 [00:02<00:00, 12.46it/s]
 90%|█████████ | 38/42 [00:03<00:00, 12.50it/s]
 95%|█████████▌| 40/42 [00:03<00:00, 12.40it/s]
100%|██████████| 42/42 [00:03<00:00, 12.09it/s]
100%|██████████| 42/42 [00:03<00:00, 12.32it/s]
Selecting 32 cells from greedy initialization.
Randomly initialized A matrix.
Setting convergence threshold at 0.00560
Starting iteration 1.
[2026-05-18T10:36:31.120] Completed iteration 1.
[2026-05-18T15:17:31.121] Starting iteration 10.
Completed iteration 10.
Starting iteration 20.
Completed iteration 20.
Starting iteration 30.
Completed iteration 30.
Converged after 39 iterations.
[2026-05-19 10:32:21] SEACells fitting complete.
[2026-05-19 10:32:21] Saving SEACell assignments to ../../SEACells/outputs/RNA/zf_multiome_atlas_full_RNA_v1_SEACells.h5ad...

`distplot` is a deprecated function and will be removed in seaborn v0.14.0.

Please adapt your code to use either `displot` (a figure-level function with
similar flexibility) or `histplot` (an axes-level function for histograms).

For a guide to updating your code to use the new functions, please see
https://gist.github.com/mwaskom/de44147ed2974457ad6372750bbe5751

  sns.distplot(label_df.groupby("SEACell").count().iloc[:, 0], bins=bins)
[2026-05-19 10:32:28] Saving SEACell assignments to ../../SEACells/outputs/RNA/zf_multiome_atlas_full_RNA_v1_SEACells.h5ad...

  0%|          | 0/1260 [00:00<?, ?it/s]
  0%|          | 1/1260 [00:00<08:17,  2.53it/s]
  3%|▎         | 32/1260 [00:00<00:14, 83.96it/s]
  5%|▍         | 62/1260 [00:00<00:08, 142.20it/s]
  7%|▋         | 94/1260 [00:00<00:06, 190.89it/s]
 10%|█         | 127/1260 [00:00<00:04, 228.70it/s]
 13%|█▎        | 161/1260 [00:00<00:04, 259.90it/s]
 15%|█▌        | 194/1260 [00:01<00:03, 279.10it/s]
 18%|█▊        | 228/1260 [00:01<00:03, 295.71it/s]
 21%|██        | 262/1260 [00:01<00:03, 306.34it/s]
 23%|██▎       | 296/1260 [00:01<00:03, 313.91it/s]
 26%|██▋       | 331/1260 [00:01<00:02, 321.75it/s]
 29%|██▉       | 366/1260 [00:01<00:02, 329.26it/s]
 32%|███▏      | 402/1260 [00:01<00:02, 335.73it/s]
 35%|███▍      | 437/1260 [00:01<00:02, 337.52it/s]
 37%|███▋      | 472/1260 [00:01<00:02, 338.77it/s]
 40%|████      | 508/1260 [00:01<00:02, 342.38it/s]
 43%|████▎     | 543/1260 [00:02<00:02, 339.25it/s]
 46%|████▌     | 578/1260 [00:02<00:02, 339.44it/s]
 49%|████▊     | 613/1260 [00:02<00:01, 342.05it/s]
 52%|█████▏    | 649/1260 [00:02<00:01, 344.16it/s]
 54%|█████▍    | 685/1260 [00:02<00:01, 348.18it/s]
 57%|█████▋    | 720/1260 [00:02<00:01, 342.62it/s]
 60%|█████▉    | 755/1260 [00:02<00:01, 341.51it/s]
 63%|██████▎   | 790/1260 [00:02<00:01, 342.17it/s]
 65%|██████▌   | 825/1260 [00:02<00:01, 341.52it/s]
 68%|██████▊   | 860/1260 [00:02<00:01, 341.12it/s]
 71%|███████   | 896/1260 [00:03<00:01, 345.59it/s]
 74%|███████▍  | 932/1260 [00:03<00:00, 348.87it/s]
 77%|███████▋  | 968/1260 [00:03<00:00, 350.14it/s]
 80%|███████▉  | 1004/1260 [00:03<00:00, 332.83it/s]
 82%|████████▏ | 1038/1260 [00:03<00:00, 326.32it/s]
 85%|████████▌ | 1071/1260 [00:03<00:00, 320.78it/s]
 88%|████████▊ | 1104/1260 [00:03<00:00, 319.09it/s]
 90%|█████████ | 1136/1260 [00:03<00:00, 319.13it/s]
 93%|█████████▎| 1168/1260 [00:03<00:00, 318.92it/s]
 95%|█████████▌| 1201/1260 [00:04<00:00, 320.47it/s]
 98%|█████████▊| 1236/1260 [00:04<00:00, 327.19it/s]
100%|██████████| 1260/1260 [00:04<00:00, 301.81it/s]
[2026-05-19 10:32:38] Analysis complete. All outputs and plots are saved in: ../../SEACells/outputs/RNA
Job completed.
